Start testing: Nov 03 10:37 CST
----------------------------------------------------------
1/39 Testing: compile with bug-checkers
1/39 Test: compile with bug-checkers
Command: "/usr/local/bin/cmake" "--build" "/home/yjl/nuaa/projects/cpp/CS144/CS144/build" "-t" "functionality_testing" "webget"
Directory: /home/yjl/nuaa/projects/cpp/CS144/CS144/build
"compile with bug-checkers" start time: Nov 03 10:37 CST
Output:
----------------------------------------------------------
make[4]: 警告: 子 make 中强制 -j12: 重置 jobserver 模式。
[  1%] Built target minnow_testing_debug
[  2%] Built target minnow_testing_sanitized
[  9%] Built target util_debug
[ 14%] Built target minnow_debug
[ 19%] Built target minnow_sanitized
[ 26%] Built target util_sanitized
[ 30%] Built target byte_stream_capacity
[ 30%] Built target byte_stream_one_write
[ 30%] Built target byte_stream_basics
[ 30%] Built target byte_stream_two_writes
[ 33%] Built target reassembler_single
[ 33%] Built target router
[ 33%] Built target byte_stream_many_writes
[ 33%] Built target byte_stream_stress_test
[ 34%] Built target reassembler_cap
[ 36%] Built target reassembler_seq
[ 37%] Built target reassembler_dup
[ 38%] [32mBuilding CXX object tests/CMakeFiles/wrapping_integers_cmp_sanitized.dir/wrapping_integers_cmp.cc.o[0m
[ 38%] [32mBuilding CXX object tests/CMakeFiles/reassembler_win_sanitized.dir/reassembler_win.cc.o[0m
[ 38%] [32mBuilding CXX object tests/CMakeFiles/reassembler_overlapping_sanitized.dir/reassembler_overlapping.cc.o[0m
[ 38%] [32mBuilding CXX object tests/CMakeFiles/wrapping_integers_unwrap_sanitized.dir/wrapping_integers_unwrap.cc.o[0m
[ 38%] [32mBuilding CXX object tests/CMakeFiles/wrapping_integers_wrap_sanitized.dir/wrapping_integers_wrap.cc.o[0m
[ 39%] Built target reassembler_holes
[ 44%] Built target wrapping_integers_wrap
[ 44%] Built target wrapping_integers_cmp
[ 44%] Built target reassembler_win
[ 44%] Built target reassembler_overlapping
[ 45%] [32mBuilding CXX object tests/CMakeFiles/wrapping_integers_roundtrip_sanitized.dir/wrapping_integers_roundtrip.cc.o[0m
[ 46%] Built target wrapping_integers_unwrap
[ 46%] [32mBuilding CXX object tests/CMakeFiles/recv_connect_sanitized.dir/recv_connect.cc.o[0m
[ 48%] [32mBuilding CXX object tests/CMakeFiles/wrapping_integers_extra_sanitized.dir/wrapping_integers_extra.cc.o[0m
[ 49%] Built target wrapping_integers_roundtrip
[ 50%] Built target recv_connect
[ 51%] Built target wrapping_integers_extra
[ 51%] [32mBuilding CXX object tests/CMakeFiles/recv_transmit_sanitized.dir/recv_transmit.cc.o[0m
[ 53%] [32mBuilding CXX object tests/CMakeFiles/recv_window_sanitized.dir/recv_window.cc.o[0m
[ 54%] Built target recv_transmit
[ 54%] Built target recv_window
[ 55%] [32mBuilding CXX object tests/CMakeFiles/recv_reorder_sanitized.dir/recv_reorder.cc.o[0m
[ 55%] Built target recv_reorder
[ 56%] [32mBuilding CXX object tests/CMakeFiles/recv_reorder_more_sanitized.dir/recv_reorder_more.cc.o[0m
[ 57%] [32m[1mLinking CXX executable wrapping_integers_unwrap_sanitized[0m
[ 59%] [32m[1mLinking CXX executable wrapping_integers_wrap_sanitized[0m
[ 59%] Built target wrapping_integers_unwrap_sanitized
[ 59%] Built target wrapping_integers_wrap_sanitized
[ 60%] Built target recv_reorder_more
[ 60%] [32mBuilding CXX object tests/CMakeFiles/recv_close_sanitized.dir/recv_close.cc.o[0m
[ 61%] Built target recv_close
[ 61%] [32mBuilding CXX object tests/CMakeFiles/recv_special_sanitized.dir/recv_special.cc.o[0m
[ 61%] [32m[1mLinking CXX executable wrapping_integers_cmp_sanitized[0m
[ 61%] [32m[1mLinking CXX executable wrapping_integers_extra_sanitized[0m
[ 61%] [32m[1mLinking CXX executable wrapping_integers_roundtrip_sanitized[0m
[ 61%] Built target wrapping_integers_cmp_sanitized
[ 62%] Built target recv_special
[ 62%] [32mBuilding CXX object tests/CMakeFiles/send_connect_sanitized.dir/send_connect.cc.o[0m
[ 62%] Built target wrapping_integers_extra_sanitized
[ 63%] Built target send_connect
[ 63%] Built target wrapping_integers_roundtrip_sanitized
[ 63%] [32mBuilding CXX object tests/CMakeFiles/send_transmit_sanitized.dir/send_transmit.cc.o[0m
[ 65%] Built target send_transmit
[ 66%] [32mBuilding CXX object tests/CMakeFiles/send_retx_sanitized.dir/send_retx.cc.o[0m
[ 66%] [32m[1mLinking CXX executable reassembler_win_sanitized[0m
[ 67%] [32m[1mLinking CXX executable reassembler_overlapping_sanitized[0m
[ 67%] Built target reassembler_win_sanitized
[ 68%] Built target send_retx
[ 68%] [32mBuilding CXX object tests/CMakeFiles/send_window_sanitized.dir/send_window.cc.o[0m
[ 68%] Built target reassembler_overlapping_sanitized
[ 69%] [32m[1mLinking CXX executable send_window[0m
[ 71%] [32m[1mLinking CXX executable recv_connect_sanitized[0m
[ 72%] [32m[1mLinking CXX executable recv_transmit_sanitized[0m
[ 72%] [32m[1mLinking CXX executable recv_window_sanitized[0m
[ 72%] Built target send_window
[ 72%] [32mBuilding CXX object tests/CMakeFiles/send_ack_sanitized.dir/send_ack.cc.o[0m
[ 72%] Built target recv_connect_sanitized
[ 72%] [32m[1mLinking CXX executable recv_reorder_more_sanitized[0m
[ 72%] [32m[1mLinking CXX executable send_ack[0m
[ 72%] Built target recv_window_sanitized
[ 72%] Built target recv_transmit_sanitized
[ 73%] [32m[1mLinking CXX executable send_close_sanitized[0m
[ 73%] [32m[1mLinking CXX executable recv_reorder_sanitized[0m
[ 74%] [32m[1mLinking CXX executable send_close[0m
[ 75%] Built target send_ack
[ 75%] [32m[1mLinking CXX executable send_extra_sanitized[0m
[ 75%] Built target recv_reorder_more_sanitized
[ 75%] Built target send_close
[ 75%] Built target send_close_sanitized
[ 75%] [32m[1mLinking CXX executable send_extra[0m
[ 77%] [32m[1mLinking CXX executable net_interface_sanitized[0m
[ 78%] [32m[1mLinking CXX executable net_interface[0m
[ 78%] Built target recv_reorder_sanitized
[ 78%] [32m[1mLinking CXX executable router_sanitized[0m
[ 79%] Built target send_extra
[ 79%] [32m[1mLinking CXX executable byte_stream_basics_sanitized[0m
[ 80%] Built target send_extra_sanitized
[ 80%] [32m[1mLinking CXX executable byte_stream_capacity_sanitized[0m
[ 80%] Built target net_interface
[ 80%] Built target net_interface_sanitized
[ 83%] [32mBuilding CXX object tests/CMakeFiles/byte_stream_two_writes_sanitized.dir/byte_stream_two_writes.cc.o[0m
[ 83%] [32m[1mLinking CXX executable byte_stream_one_write_sanitized[0m
[ 83%] [32m[1mLinking CXX executable send_connect_sanitized[0m
[ 84%] Built target byte_stream_basics_sanitized
[ 85%] [32m[1mLinking CXX executable recv_close_sanitized[0m
[ 86%] Built target router_sanitized
[ 86%] [32mBuilding CXX object tests/CMakeFiles/byte_stream_many_writes_sanitized.dir/byte_stream_many_writes.cc.o[0m
[ 87%] Built target byte_stream_capacity_sanitized
[ 89%] [32mBuilding CXX object tests/CMakeFiles/byte_stream_stress_test_sanitized.dir/byte_stream_stress_test.cc.o[0m
[ 90%] [32mBuilding CXX object tests/CMakeFiles/reassembler_single_sanitized.dir/reassembler_single.cc.o[0m
[ 90%] Built target byte_stream_one_write_sanitized
[ 90%] [32mBuilding CXX object tests/CMakeFiles/reassembler_cap_sanitized.dir/reassembler_cap.cc.o[0m
[ 90%] Built target send_connect_sanitized
[ 90%] [32mBuilding CXX object tests/CMakeFiles/reassembler_seq_sanitized.dir/reassembler_seq.cc.o[0m
[ 90%] Built target recv_close_sanitized
[ 91%] [32mBuilding CXX object tests/CMakeFiles/reassembler_dup_sanitized.dir/reassembler_dup.cc.o[0m
[ 91%] [32m[1mLinking CXX executable send_retx_sanitized[0m
[ 92%] [32m[1mLinking CXX executable send_transmit_sanitized[0m
[ 92%] Built target send_retx_sanitized
[ 93%] [32mBuilding CXX object tests/CMakeFiles/reassembler_holes_sanitized.dir/reassembler_holes.cc.o[0m
[ 93%] Built target send_transmit_sanitized
[ 95%] [32m[1mLinking CXX executable recv_special_sanitized[0m
[ 95%] Built target recv_special_sanitized
[ 96%] [32m[1mLinking CXX executable send_ack_sanitized[0m
[ 96%] [32m[1mLinking CXX executable byte_stream_two_writes_sanitized[0m
[ 97%] [32m[1mLinking CXX executable send_window_sanitized[0m
[ 97%] Built target send_ack_sanitized
[ 97%] [32m[1mLinking CXX executable reassembler_single_sanitized[0m
[ 97%] Built target byte_stream_two_writes_sanitized
[ 97%] [32m[1mLinking CXX executable byte_stream_stress_test_sanitized[0m
[ 98%] [32m[1mLinking CXX executable reassembler_seq_sanitized[0m
[ 98%] Built target send_window_sanitized
[100%] [32m[1mLinking CXX executable byte_stream_many_writes_sanitized[0m
[100%] Built target reassembler_single_sanitized
[100%] [32m[1mLinking CXX executable reassembler_cap_sanitized[0m
[100%] Built target byte_stream_stress_test_sanitized
[100%] Built target reassembler_seq_sanitized
[100%] Built target byte_stream_many_writes_sanitized
[100%] Built target reassembler_cap_sanitized
[100%] [32m[1mLinking CXX executable reassembler_dup_sanitized[0m
[100%] Built target reassembler_dup_sanitized
[100%] [32m[1mLinking CXX executable reassembler_holes_sanitized[0m
[100%] Built target reassembler_holes_sanitized
[100%] Built target functionality_testing
[  0%] Built target stream_copy
[ 54%] Built target util_debug
[ 90%] Built target minnow_debug
[100%] Built target webget
<end of output>
Test time =   8.95 sec
----------------------------------------------------------
Test Passed.
"compile with bug-checkers" end time: Nov 03 10:37 CST
"compile with bug-checkers" time elapsed: 00:00:08
----------------------------------------------------------

2/39 Testing: t_webget
2/39 Test: t_webget
Command: "/home/yjl/nuaa/projects/cpp/CS144/CS144/tests/webget_t.sh" "/home/yjl/nuaa/projects/cpp/CS144/CS144/build"
Directory: /home/yjl/nuaa/projects/cpp/CS144/CS144/build
"t_webget" start time: Nov 03 10:37 CST
Output:
----------------------------------------------------------
HTTP/1.1 200 OK
Content-type: text/plain

7SmXqWkrLKzVBCEalbSPqBcvs11Pw263K7x4Wv3JckI
<end of output>
Test time =   1.34 sec
----------------------------------------------------------
Test Passed.
"t_webget" end time: Nov 03 10:37 CST
"t_webget" time elapsed: 00:00:01
----------------------------------------------------------

3/39 Testing: byte_stream_basics
3/39 Test: byte_stream_basics
Command: "/home/yjl/nuaa/projects/cpp/CS144/CS144/build/tests/byte_stream_basics_sanitized"
Directory: /home/yjl/nuaa/projects/cpp/CS144/CS144/build
"byte_stream_basics" start time: Nov 03 10:37 CST
Output:
----------------------------------------------------------
<end of output>
Test time =   0.03 sec
----------------------------------------------------------
Test Passed.
"byte_stream_basics" end time: Nov 03 10:37 CST
"byte_stream_basics" time elapsed: 00:00:00
----------------------------------------------------------

4/39 Testing: byte_stream_capacity
4/39 Test: byte_stream_capacity
Command: "/home/yjl/nuaa/projects/cpp/CS144/CS144/build/tests/byte_stream_capacity_sanitized"
Directory: /home/yjl/nuaa/projects/cpp/CS144/CS144/build
"byte_stream_capacity" start time: Nov 03 10:37 CST
Output:
----------------------------------------------------------
<end of output>
Test time =   0.02 sec
----------------------------------------------------------
Test Passed.
"byte_stream_capacity" end time: Nov 03 10:37 CST
"byte_stream_capacity" time elapsed: 00:00:00
----------------------------------------------------------

5/39 Testing: byte_stream_one_write
5/39 Test: byte_stream_one_write
Command: "/home/yjl/nuaa/projects/cpp/CS144/CS144/build/tests/byte_stream_one_write_sanitized"
Directory: /home/yjl/nuaa/projects/cpp/CS144/CS144/build
"byte_stream_one_write" start time: Nov 03 10:37 CST
Output:
----------------------------------------------------------
<end of output>
Test time =   0.03 sec
----------------------------------------------------------
Test Passed.
"byte_stream_one_write" end time: Nov 03 10:37 CST
"byte_stream_one_write" time elapsed: 00:00:00
----------------------------------------------------------

6/39 Testing: byte_stream_two_writes
6/39 Test: byte_stream_two_writes
Command: "/home/yjl/nuaa/projects/cpp/CS144/CS144/build/tests/byte_stream_two_writes_sanitized"
Directory: /home/yjl/nuaa/projects/cpp/CS144/CS144/build
"byte_stream_two_writes" start time: Nov 03 10:37 CST
Output:
----------------------------------------------------------
<end of output>
Test time =   0.02 sec
----------------------------------------------------------
Test Passed.
"byte_stream_two_writes" end time: Nov 03 10:37 CST
"byte_stream_two_writes" time elapsed: 00:00:00
----------------------------------------------------------

7/39 Testing: byte_stream_many_writes
7/39 Test: byte_stream_many_writes
Command: "/home/yjl/nuaa/projects/cpp/CS144/CS144/build/tests/byte_stream_many_writes_sanitized"
Directory: /home/yjl/nuaa/projects/cpp/CS144/CS144/build
"byte_stream_many_writes" start time: Nov 03 10:37 CST
Output:
----------------------------------------------------------
<end of output>
Test time =   0.09 sec
----------------------------------------------------------
Test Passed.
"byte_stream_many_writes" end time: Nov 03 10:37 CST
"byte_stream_many_writes" time elapsed: 00:00:00
----------------------------------------------------------

8/39 Testing: byte_stream_stress_test
8/39 Test: byte_stream_stress_test
Command: "/home/yjl/nuaa/projects/cpp/CS144/CS144/build/tests/byte_stream_stress_test_sanitized"
Directory: /home/yjl/nuaa/projects/cpp/CS144/CS144/build
"byte_stream_stress_test" start time: Nov 03 10:37 CST
Output:
----------------------------------------------------------
<end of output>
Test time =   0.03 sec
----------------------------------------------------------
Test Passed.
"byte_stream_stress_test" end time: Nov 03 10:37 CST
"byte_stream_stress_test" time elapsed: 00:00:00
----------------------------------------------------------

37/39 Testing: compile with optimization
37/39 Test: compile with optimization
Command: "/usr/local/bin/cmake" "--build" "/home/yjl/nuaa/projects/cpp/CS144/CS144/build" "-t" "speed_testing"
Directory: /home/yjl/nuaa/projects/cpp/CS144/CS144/build
"compile with optimization" start time: Nov 03 10:37 CST
Output:
----------------------------------------------------------
make[4]: 警告: 子 make 中强制 -j12: 重置 jobserver 模式。
[  8%] [32mBuilding CXX object util/CMakeFiles/util_optimized.dir/address.cc.o[0m
[  8%] [32mBuilding CXX object util/CMakeFiles/util_optimized.dir/eventloop.cc.o[0m
[  8%] [32mBuilding CXX object util/CMakeFiles/util_optimized.dir/arp_message.cc.o[0m
[ 41%] [32mBuilding CXX object util/CMakeFiles/util_optimized.dir/ipv4_header.cc.o[0m
[ 41%] [32mBuilding CXX object src/CMakeFiles/minnow_optimized.dir/byte_stream.cc.o[0m
[ 41%] [32mBuilding CXX object src/CMakeFiles/minnow_optimized.dir/network_interface.cc.o[0m
[ 41%] [32mBuilding CXX object util/CMakeFiles/util_optimized.dir/file_descriptor.cc.o[0m
[ 41%] [32mBuilding CXX object util/CMakeFiles/util_optimized.dir/ethernet_header.cc.o[0m
[ 41%] [32mBuilding CXX object src/CMakeFiles/minnow_optimized.dir/reassembler.cc.o[0m
[ 41%] [32mBuilding CXX object src/CMakeFiles/minnow_optimized.dir/router.cc.o[0m
[ 41%] [32mBuilding CXX object src/CMakeFiles/minnow_optimized.dir/byte_stream_helpers.cc.o[0m
[ 41%] [32mBuilding CXX object util/CMakeFiles/util_optimized.dir/random.cc.o[0m
[ 50%] [32mBuilding CXX object src/CMakeFiles/minnow_optimized.dir/tcp_receiver.cc.o[0m
[ 58%] [32mBuilding CXX object util/CMakeFiles/util_optimized.dir/socket.cc.o[0m
[ 58%] [32mBuilding CXX object src/CMakeFiles/minnow_optimized.dir/tcp_sender.cc.o[0m
[ 58%] [32mBuilding CXX object util/CMakeFiles/util_optimized.dir/tcp_minnow_socket.cc.o[0m
[ 66%] [32mBuilding CXX object src/CMakeFiles/minnow_optimized.dir/wrapping_integers.cc.o[0m
[ 75%] [32mBuilding CXX object util/CMakeFiles/util_optimized.dir/tcp_over_ip.cc.o[0m
[ 75%] [32mBuilding CXX object util/CMakeFiles/util_optimized.dir/tcp_segment.cc.o[0m
[ 83%] [32mBuilding CXX object util/CMakeFiles/util_optimized.dir/tun.cc.o[0m
[ 83%] [32mBuilding CXX object util/CMakeFiles/util_optimized.dir/tuntap_adapter.cc.o[0m
[ 83%] [32m[1mLinking CXX static library libminnow_optimized.a[0m
[ 83%] Built target minnow_optimized
[ 91%] [32m[1mLinking CXX static library libutil_optimized.a[0m
[ 91%] Built target util_optimized
[100%] [32mBuilding CXX object tests/CMakeFiles/reassembler_speed_test.dir/reassembler_speed_test.cc.o[0m
[100%] [32mBuilding CXX object tests/CMakeFiles/byte_stream_speed_test.dir/byte_stream_speed_test.cc.o[0m
[100%] [32m[1mLinking CXX executable byte_stream_speed_test[0m
[100%] Built target byte_stream_speed_test
[100%] [32m[1mLinking CXX executable reassembler_speed_test[0m
[100%] Built target reassembler_speed_test
[100%] Built target speed_testing
<end of output>
Test time =   7.97 sec
----------------------------------------------------------
Test Passed.
"compile with optimization" end time: Nov 03 10:37 CST
"compile with optimization" time elapsed: 00:00:07
----------------------------------------------------------

38/39 Testing: byte_stream_speed_test
38/39 Test: byte_stream_speed_test
Command: "/home/yjl/nuaa/projects/cpp/CS144/CS144/build/tests/byte_stream_speed_test"
Directory: /home/yjl/nuaa/projects/cpp/CS144/CS144/build
"byte_stream_speed_test" start time: Nov 03 10:37 CST
Output:
----------------------------------------------------------
ByteStream with capacity=32768, write_size=1500, read_size=128 reached 2.75 Gbit/s.
<end of output>
Test time =   0.16 sec
----------------------------------------------------------
Test Passed.
"byte_stream_speed_test" end time: Nov 03 10:37 CST
"byte_stream_speed_test" time elapsed: 00:00:00
----------------------------------------------------------

End testing: Nov 03 10:37 CST
